<?xml version="1.0" encoding="UTF-8"?>
<!-- Generated by org.testng.reporters.JUnitXMLReporter -->
<testsuite ignored="0" hostname="Prashant" failures="1" tests="10" name="TestChrome" time="91.484" errors="0" timestamp="2025-06-09T22:53:36 EDT">
  <testcase classname="testCases.TC001_AccountRegistrationTest" name="RegistrationTest" time="3.462"/>
  <testcase classname="testCases.TC002_AccountLoginTest" name="TestLogin" time="2.476"/>
  <testcase classname="testCases.TC003_LoginDDT" name="loginDataDTesting" time="3.015"/>
  <testcase classname="testCases.TC003_LoginDDT" name="loginDataDTesting" time="11.808"/>
  <testcase classname="testCases.TC003_LoginDDT" name="loginDataDTesting" time="2.664"/>
  <testcase classname="testCases.TC003_LoginDDT" name="loginDataDTesting" time="11.844"/>
  <testcase classname="testCases.TC003_LoginDDT" name="loginDataDTesting" time="12.188"/>
  <testcase classname="testCases.TC003_LoginDDT" name="loginDataDTesting" time="3.148"/>
  <testcase classname="testCases.TC003_LoginDDT" name="loginDataDTesting" time="3.663"/>
  <testcase classname="testCases.TC0004_CartAndCheckOutTest" name="CartAndCheckOutTest" time="14.476">
    <failure type="java.lang.AssertionError" message="null">
      <![CDATA[java.lang.AssertionError: null
at testCases.TC0004_CartAndCheckOutTest.CartAndCheckOutTest(TC0004_CartAndCheckOutTest.java:71)
at java.base/java.util.ArrayList.forEach(ArrayList.java:1596)
... Removed 27 stack frames]]>
    </failure>
  </testcase> <!-- CartAndCheckOutTest -->
</testsuite> <!-- TestChrome -->
